<?xml version="1.0" encoding="UTF-8"?>
<!-- Generated by org.testng.reporters.JUnitReportReporter -->
<testsuite hostname="LAPTOP-I4LBVN55" name="testngperfect.perf" tests="1" failures="0" timestamp="18 Aug 2020 04:46:51 GMT" time="51.798" errors="0">
  <testcase name="a" time="51.798" classname="testngperfect.perf"/>
</testsuite> <!-- testngperfect.perf -->
